<?xml version="1.0" encoding="UTF-8"?>
<LinearLayout xmlns:android="http://schemas.android.com/apk/res/android"
    android:layout_width="match_parent"
    android:layout_height="match_parent"
    android:orientation="vertical" >

    <LinearLayout
        android:layout_width="match_parent"
        android:layout_height="wrap_content"
        android:orientation="vertical" >

        <TextView
            android:id="@+id/tvResult"
            android:layout_width="match_parent"
            android:layout_height="40dp"
            android:background="@drawable/bg1"
            android:gravity="center"
            android:text="@string/results"
            android:textColor="@color/white"
            android:textSize="@dimen/textsize_title" />
    </LinearLayout>

    <LinearLayout
        android:layout_width="match_parent"
        android:layout_height="wrap_content"
        android:background="@drawable/pt10"
        android:orientation="vertical"
        android:weightSum="100" >

        <LinearLayout
            android:layout_width="match_parent"
            android:layout_height="wrap_content"
            android:layout_gravity="center"
            android:orientation="vertical"
            android:weightSum="100" >

            <LinearLayout
                android:layout_width="match_parent"
                android:layout_height="wrap_content"
                android:layout_gravity="center_vertical"
                android:layout_margin="5dp"
                android:orientation="horizontal" >

                <TextView
                    android:id="@+id/tvRes"
                    android:layout_width="match_parent"
                    android:layout_height="match_parent"
                    android:gravity="center"
                    android:text="Score"
                    android:textColor="@color/black"
                    android:textSize="@dimen/textsize_title"
                    android:textStyle="italic" />
            </LinearLayout>

            <LinearLayout
                android:layout_width="match_parent"
                android:layout_height="match_parent"
                android:layout_margin="5dp"
                android:orientation="horizontal"
                android:weightSum="90" >

                <LinearLayout
                    android:layout_width="40dp"
                    android:layout_height="40dp"
                    android:layout_gravity="center"
                    android:layout_weight="30"
                    android:orientation="vertical"
                    android:weightSum="50" >

                    <LinearLayout
                        android:layout_width="match_parent"
                        android:layout_height="match_parent"
                        android:layout_weight="25"
                        android:orientation="horizontal"
                        android:weightSum="90" >

                        <Button
                            android:id="@+id/btTrue"
                            android:layout_width="40dp"
                            android:layout_height="40dp"
                            android:layout_weight="25"
                            android:background="@drawable/bttrue"
                            android:gravity="center" />

                        <TextView
                            android:id="@+id/tvTrue"
                            android:layout_width="wrap_content"
                            android:layout_height="wrap_content"
                            android:layout_weight="25"
                            android:gravity="center"
                            android:text="0"
                            android:textColor="@color/black"
                            android:textSize="@dimen/textsize_normal" />
                    </LinearLayout>
                </LinearLayout>

                <LinearLayout
                    android:layout_width="40dp"
                    android:layout_height="40dp"
                    android:layout_gravity="center"
                    android:layout_weight="30"
                    android:orientation="vertical"
                    android:weightSum="50" >

                    <LinearLayout
                        android:layout_width="match_parent"
                        android:layout_height="match_parent"
                        android:layout_weight="25"
                        android:gravity="center"
                        android:orientation="horizontal"
                        android:weightSum="90" >

                        <Button
                            android:id="@+id/btFalse"
                            android:layout_width="40dp"
                            android:layout_height="40dp"
                            android:layout_weight="25"
                            android:background="@drawable/btfalse"
                            android:gravity="center" />

                        <TextView
                            android:id="@+id/tvFalse"
                            android:layout_width="wrap_content"
                            android:layout_height="wrap_content"
                            android:layout_weight="25"
                            android:gravity="center"
                            android:text="0"
                            android:textColor="@color/black"
                            android:textSize="@dimen/textsize_normal" />
                    </LinearLayout>
                </LinearLayout>

                <LinearLayout
                    android:layout_width="40dp"
                    android:layout_height="40dp"
                    android:layout_gravity="center"
                    android:layout_weight="30"
                    android:orientation="vertical"
                    android:weightSum="50" >

                    <LinearLayout
                        android:layout_width="match_parent"
                        android:layout_height="match_parent"
                        android:layout_weight="25"
                        android:gravity="center"
                        android:orientation="horizontal"
                        android:weightSum="90" >

                        <Button
                            android:id="@+id/btInfo"
                            android:layout_width="40dp"
                            android:layout_height="40dp"
                            android:layout_weight="25"
                            android:background="@drawable/info"
                            android:gravity="center" />

                        <TextView
                            android:id="@+id/tvInfo"
                            android:layout_width="wrap_content"
                            android:layout_height="wrap_content"
                            android:layout_weight="25"
                            android:gravity="center"
                            android:text="10"
                            android:textColor="@color/black"
                            android:textSize="@dimen/textsize_normal" />
                    </LinearLayout>
                </LinearLayout>
            </LinearLayout>
        </LinearLayout>

        <LinearLayout
            android:layout_width="match_parent"
            android:layout_height="60dp"
            android:layout_gravity="center"
            android:layout_margin="5dp"
            android:layout_weight="5"
            android:gravity="center"
            android:orientation="horizontal"
            android:weightSum="100" >

            <Button
                android:id="@+id/btRev"
                android:layout_width="60dp"
                android:layout_height="42dp"
                android:layout_weight="17.74"
                android:background="@drawable/bg4"
                android:gravity="center"
                android:text="REVIEW"
                android:textColor="@color/black" />
        </LinearLayout>
    </LinearLayout>

</LinearLayout>